<?xml version="1.0" encoding="UTF-8"?>
<testng-results ignored="0" total="3" passed="2" failed="1" skipped="0">
  <reporter-output>
  </reporter-output>
  <suite started-at="2025-04-08T13:40:28 BST" name="Default suite" finished-at="2025-04-08T13:41:00 BST" duration-ms="32107">
    <groups>
      <group name="cucumber">
        <method signature="AbstractTestNGCucumberTests.runScenario(io.cucumber.testng.PickleWrapper,io.cucumber.testng.FeatureWrapper)[pri:0, instance:cucumberOptions.TestNGRunner@45c7e403]" name="runScenario" class="io.cucumber.testng.AbstractTestNGCucumberTests"/>
      </group> <!-- cucumber -->
    </groups>
    <test started-at="2025-04-08T13:40:28 BST" name="Default test" finished-at="2025-04-08T13:41:00 BST" duration-ms="32107">
      <class name="cucumberOptions.TestNGRunner">
        <test-method is-config="true" signature="setUpClass(org.testng.ITestContext)[pri:0, instance:cucumberOptions.TestNGRunner@45c7e403]" started-at="2025-04-08T13:40:28 BST" name="setUpClass" finished-at="2025-04-08T13:40:28 BST" duration-ms="407" status="PASS">
          <params>
            <param index="0">
              <value>
                <![CDATA[org.testng.TestRunner@4a8a0099]]>
              </value>
            </param>
          </params>
          <reporter-output>
          </reporter-output>
        </test-method> <!-- setUpClass -->
        <test-method signature="runScenario(io.cucumber.testng.PickleWrapper,io.cucumber.testng.FeatureWrapper)[pri:0, instance:cucumberOptions.TestNGRunner@45c7e403]" started-at="2025-04-08T13:40:28 BST" name="runScenario" description="Runs Cucumber Scenarios" data-provider="scenarios" finished-at="2025-04-08T13:40:39 BST" duration-ms="10724" status="PASS">
          <params>
            <param index="0">
              <value>
                <![CDATA["search the product , extract name and compre"]]>
              </value>
            </param>
            <param index="1">
              <value>
                <![CDATA["Search the products and check the the name"]]>
              </value>
            </param>
          </params>
          <reporter-output>
          </reporter-output>
        </test-method> <!-- runScenario -->
        <test-method signature="runScenario(io.cucumber.testng.PickleWrapper,io.cucumber.testng.FeatureWrapper)[pri:0, instance:cucumberOptions.TestNGRunner@45c7e403]" started-at="2025-04-08T13:40:39 BST" name="runScenario" description="Runs Cucumber Scenarios" data-provider="scenarios" finished-at="2025-04-08T13:40:49 BST" duration-ms="10285" status="PASS">
          <params>
            <param index="0">
              <value>
                <![CDATA["search the product , extract name and compre"]]>
              </value>
            </param>
            <param index="1">
              <value>
                <![CDATA["Search the products and check the the name"]]>
              </value>
            </param>
          </params>
          <reporter-output>
          </reporter-output>
        </test-method> <!-- runScenario -->
        <test-method signature="runScenario(io.cucumber.testng.PickleWrapper,io.cucumber.testng.FeatureWrapper)[pri:0, instance:cucumberOptions.TestNGRunner@45c7e403]" started-at="2025-04-08T13:40:49 BST" name="runScenario" description="Runs Cucumber Scenarios" data-provider="scenarios" finished-at="2025-04-08T13:40:59 BST" duration-ms="9962" status="FAIL">
          <params>
            <param index="0">
              <value>
                <![CDATA["search the product , extract name and compre"]]>
              </value>
            </param>
            <param index="1">
              <value>
                <![CDATA["Search the products and check the the name"]]>
              </value>
            </param>
          </params>
          <exception class="java.lang.AssertionError">
            <message>
              <![CDATA[expected [No data] but found [Beetroot]]]>
            </message>
            <full-stacktrace>
              <![CDATA[java.lang.AssertionError: expected [No data] but found [Beetroot]
at org.testng.Assert.fail(Assert.java:111)
at org.testng.Assert.failNotEquals(Assert.java:1590)
at org.testng.Assert.assertEqualsImpl(Assert.java:150)
at org.testng.Assert.assertEquals(Assert.java:132)
at org.testng.Assert.assertEquals(Assert.java:656)
at org.testng.Assert.assertEquals(Assert.java:666)
at stepDefinitions.offerPageStepDefinition.validate_product_name_on_offers_page_matched_with_landing_page(offerPageStepDefinition.java:48)
at âœ½.validate product name on offers page matched with landing page(file:///C:/Users/44743/eclipse-workspace/LearnCucumberAutomation/src/test/java/features/searchProduct.feature:14)
]]>
            </full-stacktrace>
          </exception> <!-- java.lang.AssertionError -->
          <reporter-output>
          </reporter-output>
        </test-method> <!-- runScenario -->
        <test-method is-config="true" signature="tearDownClass()[pri:0, instance:cucumberOptions.TestNGRunner@45c7e403]" started-at="2025-04-08T13:40:59 BST" name="tearDownClass" finished-at="2025-04-08T13:41:00 BST" duration-ms="687" status="PASS">
          <reporter-output>
          </reporter-output>
        </test-method> <!-- tearDownClass -->
      </class> <!-- cucumberOptions.TestNGRunner -->
    </test> <!-- Default test -->
  </suite> <!-- Default suite -->
</testng-results>
